<?xml version="1.0" encoding="UTF-8"?>
<!-- Generated by org.testng.reporters.JUnitXMLReporter -->
<testsuite hostname="makla" name="Default test" tests="2" failures="0" timestamp="11 Oct 2015 09:50:20 GMT" time="0.48" errors="0">
  <testcase name="invalidPrimaryExchange" time="0.054" classname="com.simplebank.supersimplestocks.md.impl.MarketDataServiceImplTest"/>
  <testcase name="validPrimaryExchange" time="0.007" classname="com.simplebank.supersimplestocks.md.impl.MarketDataServiceImplTest"/>
</testsuite> <!-- Default test -->
