<?xml version="1.0" encoding="UTF-8"?>
<testng-results skipped="0" failed="0" total="2" passed="2">
  <reporter-output>
  </reporter-output>
  <suite name="Default suite" duration-ms="480" started-at="2015-10-11T09:50:19Z" finished-at="2015-10-11T09:50:20Z">
    <groups>
    </groups>
    <test name="Default test" duration-ms="480" started-at="2015-10-11T09:50:19Z" finished-at="2015-10-11T09:50:20Z">
      <class name="com.simplebank.supersimplestocks.md.impl.MarketDataServiceImplTest">
        <test-method status="PASS" signature="setup()[pri:0, instance:com.simplebank.supersimplestocks.md.impl.MarketDataServiceImplTest@5c0369c4]" name="setup" is-config="true" duration-ms="394" started-at="2015-10-11T11:50:19Z" finished-at="2015-10-11T11:50:20Z">
          <reporter-output>
          </reporter-output>
        </test-method> <!-- setup -->
        <test-method status="PASS" signature="invalidPrimaryExchange()[pri:0, instance:com.simplebank.supersimplestocks.md.impl.MarketDataServiceImplTest@5c0369c4]" name="invalidPrimaryExchange" duration-ms="54" started-at="2015-10-11T11:50:20Z" finished-at="2015-10-11T11:50:20Z">
          <exception class="java.util.IllegalFormatConversionException">
            <message>
              <![CDATA[d != java.lang.String]]>
            </message>
            <full-stacktrace>
              <![CDATA[java.util.IllegalFormatConversionException: d != java.lang.String
	at java.util.Formatter$FormatSpecifier.failConversion(Formatter.java:4302)
	at java.util.Formatter$FormatSpecifier.printInteger(Formatter.java:2793)
	at java.util.Formatter$FormatSpecifier.print(Formatter.java:2747)
	at java.util.Formatter.format(Formatter.java:2520)
	at java.util.Formatter.format(Formatter.java:2455)
	at java.lang.String.format(String.java:2928)
	at com.simplebank.supersimplestocks.md.impl.MarketDataServiceImpl.primaryExchangeOf(MarketDataServiceImpl.java:55)
	at com.simplebank.supersimplestocks.md.impl.MarketDataServiceImplTest.invalidPrimaryExchange(MarketDataServiceImplTest.java:38)
	at sun.reflect.NativeMethodAccessorImpl.invoke0(Native Method)
	at sun.reflect.NativeMethodAccessorImpl.invoke(NativeMethodAccessorImpl.java:62)
	at sun.reflect.DelegatingMethodAccessorImpl.invoke(DelegatingMethodAccessorImpl.java:43)
	at java.lang.reflect.Method.invoke(Method.java:497)
	at org.testng.internal.MethodInvocationHelper.invokeMethod(MethodInvocationHelper.java:85)
	at org.testng.internal.Invoker.invokeMethod(Invoker.java:696)
	at org.testng.internal.Invoker.invokeTestMethod(Invoker.java:882)
	at org.testng.internal.Invoker.invokeTestMethods(Invoker.java:1189)
	at org.testng.internal.TestMethodWorker.invokeTestMethods(TestMethodWorker.java:124)
	at org.testng.internal.TestMethodWorker.run(TestMethodWorker.java:108)
	at org.testng.TestRunner.privateRun(TestRunner.java:767)
	at org.testng.TestRunner.run(TestRunner.java:617)
	at org.testng.SuiteRunner.runTest(SuiteRunner.java:348)
	at org.testng.SuiteRunner.runSequentially(SuiteRunner.java:343)
	at org.testng.SuiteRunner.privateRun(SuiteRunner.java:305)
	at org.testng.SuiteRunner.run(SuiteRunner.java:254)
	at org.testng.SuiteRunnerWorker.runSuite(SuiteRunnerWorker.java:52)
	at org.testng.SuiteRunnerWorker.run(SuiteRunnerWorker.java:86)
	at org.testng.TestNG.runSuitesSequentially(TestNG.java:1224)
	at org.testng.TestNG.runSuitesLocally(TestNG.java:1149)
	at org.testng.TestNG.run(TestNG.java:1057)
	at org.testng.remote.RemoteTestNG.run(RemoteTestNG.java:111)
	at org.testng.remote.RemoteTestNG.initAndRun(RemoteTestNG.java:204)
	at org.testng.remote.RemoteTestNG.main(RemoteTestNG.java:175)
]]>
            </full-stacktrace>
          </exception> <!-- java.util.IllegalFormatConversionException -->
          <reporter-output>
          </reporter-output>
        </test-method> <!-- invalidPrimaryExchange -->
        <test-method status="PASS" signature="validPrimaryExchange()[pri:0, instance:com.simplebank.supersimplestocks.md.impl.MarketDataServiceImplTest@5c0369c4]" name="validPrimaryExchange" duration-ms="7" started-at="2015-10-11T11:50:20Z" finished-at="2015-10-11T11:50:20Z">
          <reporter-output>
          </reporter-output>
        </test-method> <!-- validPrimaryExchange -->
      </class> <!-- com.simplebank.supersimplestocks.md.impl.MarketDataServiceImplTest -->
    </test> <!-- Default test -->
  </suite> <!-- Default suite -->
</testng-results>
